1                                         The SAS System            10:00 Tuesday, January 5, 2021

NOTE: Copyright (c) 2002-2012 by SAS Institute Inc., Cary, NC, USA. 
NOTE: SAS (r) Proprietary Software 9.4 (TS1M4) 
      Licensed to WI DEPARTMENT OF TRANSPORTATION, Site 70006804.
NOTE: This session is executing on the X64_10PRO  platform.



NOTE: Updated analytical products:
      
      SAS/STAT 14.2
      SAS/ETS 14.2

NOTE: Additional host information:

 X64_10PRO WIN 10.0.17134  Workstation

NOTE: SAS initialization used:
      real time           13.12 seconds
      cpu time            0.24 seconds
      
1          OPTIONS MSGLEVEL=I PAGENO=1;
2          /*OPTIONS FMTSEARCH=(FORMAT94);*/
3          %let dirdata=\\mad00fpg\n6public\satteson\crash_data\SAS\Daily\crash2020;
4          libname crash20 "&dirdata";
NOTE: Libref CRASH20 was successfully assigned as follows: 
      Engine:        V9 
      Physical Name: \\mad00fpg\n6public\satteson\crash_data\SAS\Daily\crash2020
5          libname fmt '\\mad00fpg\n6public\satteson\crash_data\SAS\formats\';
NOTE: Libref FMT was successfully assigned as follows: 
      Engine:        V9 
      Physical Name: \\mad00fpg\n6public\satteson\crash_data\SAS\formats
6          OPTIONS FMTSEARCH=(fmt.Crashdb);
7          DM 'CLE LOG;CLE OUT';
8          
9          /* SAS/formats/  CrashDB*/
10         proc export data = crash20.crash
11         outfile = 'C:\Users\dotjaz\20crash.csv' dbms = csv
12         replace;
13         run;

INFO: Data file CRASH20.CRASH.DATA is in a format that is native to another host, or the file 
encoding does not match the session encoding. Cross Environment Data Access will be used, which 
might require additional CPU resources and might reduce performance.
INFO: Data file CRASH20.CRASH.DATA is in a format that is native to another host, or the file 
encoding does not match the session encoding. Cross Environment Data Access will be used, which 
might require additional CPU resources and might reduce performance.
INFO: Data file CRASH20.CRASH.DATA is in a format that is native to another host, or the file 
encoding does not match the session encoding. Cross Environment Data Access will be used, which 
might require additional CPU resources and might reduce performance.
14          /**********************************************************************
15          *   PRODUCT:   SAS
16          *   VERSION:   9.4
17          *   CREATOR:   External File Interface
2                                         The SAS System            10:00 Tuesday, January 5, 2021

18          *   DATE:      05JAN21
19          *   DESC:      Generated SAS Datastep Code
20          *   TEMPLATE SOURCE:  (None Specified.)
21          ***********************************************************************/
22             data _null_;
23             %let _EFIERR_ = 0; /* set the ERROR detection macro variable */
24             %let _EFIREC_ = 0;     /* clear export record count macro variable */
25             file 'C:\Users\dotjaz\20crash.csv' delimiter=',' DSD DROPOVER lrecl=32767;
26             if _n_ = 1 then        /* write column names or labels */
27              do;
28                put
29                   "CRSHNMBR"
30                ','
31                   "RECDNMBR"
32                ','
33                   "RECDSTAT"
34                ','
35                   "RECDDTTM"
36                ','
37                   "OPCODE"
38                ','
39                   "DOCTNMBR"
40                ','
41                   "CRSHDATE"
42                ','
43                   "CRSHTIME"
44                ','
45                   "LNKNMBR"
46                ','
47                   "RPTBFLAG"
48                ','
49                   "AMENDED"
50                ','
51                   "CRSHLOC"
52                ','
53                   "CRSHJUR"
54                ','
55                   "RLTNTRWY"
56                ','
57                   "CRSHMTH"
58                ','
59                   "NTFYDATE"
60                ','
61                   "NTFYTIME"
62                ','
63                   "TOTUNIT"
64                ','
65                   "TOTVEH"
66                ','
67                   "TOTMOT"
68                ','
69                   "TOTNMT"
70                ','
3                                         The SAS System            10:00 Tuesday, January 5, 2021

71                   "TOTINJ"
72                ','
73                   "TOTFATL"
74                ','
75                   "FARSFLAG"
76                ','
77                   "DAYNMBR"
78                ','
79                   "ANMLTY01"
80                ','
81                   "ANMLTY02"
82                ','
83                   "ANMLTY03"
84                ','
85                   "ANMLTY04"
86                ','
87                   "ANMLTY05"
88                ','
89                   "ANMLTY06"
90                ','
91                   "ANMLTY07"
92                ','
93                   "CNTYCODE"
94                ','
95                   "CNTYNAME"
96                ','
97                   "CNTYFIPS"
98                ','
99                   "MUNICODE"
100               ','
101                  "MUNINAME"
102               ','
103                  "MUNITYPE"
104               ','
105                  "HWYREGN"
106               ','
107                  "TRBCODE"
108               ','
109                  "TRBNAME"
110               ','
111                  "LATDECDG"
112               ','
113                  "LONDECDG"
114               ','
115                  "LTLNSRC"
116               ','
117                  "ONHWY"
118               ','
119                  "ONSTR"
120               ','
121                  "ONHWYSYS"
122               ','
123                  "ONHWYDIR"
4                                         The SAS System            10:00 Tuesday, January 5, 2021

124               ','
125                  "ONHWYTYP"
126               ','
127                  "INTDIR"
128               ','
129                  "INTDIS"
130               ','
131                  "ATHWY"
132               ','
133                  "ATSTR"
134               ','
135                  "ATHWYSYS"
136               ','
137                  "ATHWYDIR"
138               ','
139                  "ATHWYTYP"
140               ','
141                  "ATNMBR"
142               ','
143                  "ATCODE"
144               ','
145                  "URBCLASS"
146               ','
147                  "FUNCLASS"
148               ','
149                  "URBRURAL"
150               ','
151                  "HWYCLASS"
152               ','
153                  "CRSHSVR"
154               ','
155                  "INJSVR"
156               ','
157                  "ACSCNTL"
158               ','
159                  "CRSHTYPE"
160               ','
161                  "RLTNRDWY"
162               ','
163                  "MNRCOLL"
164               ','
165                  "WTCOND01"
166               ','
167                  "WTCOND02"
168               ','
169                  "WTCOND03"
170               ','
171                  "WTCOND04"
172               ','
173                  "WTCOND05"
174               ','
175                  "WTCOND06"
176               ','
5                                         The SAS System            10:00 Tuesday, January 5, 2021

177                  "WTCOND07"
178               ','
179                  "WTCOND08"
180               ','
181                  "WTCOND09"
182               ','
183                  "WTCOND10"
184               ','
185                  "WTCOND11"
186               ','
187                  "WTCOND12"
188               ','
189                  "WTCOND13"
190               ','
191                  "LGTCOND"
192               ','
193                  "RDCOND01"
194               ','
195                  "RDCOND02"
196               ','
197                  "RDCOND03"
198               ','
199                  "RDCOND04"
200               ','
201                  "RDCOND05"
202               ','
203                  "RDCOND06"
204               ','
205                  "RDCOND07"
206               ','
207                  "RDCOND08"
208               ','
209                  "RDCOND09"
210               ','
211                  "RDCOND10"
212               ','
213                  "RDCOND11"
214               ','
215                  "RDCOND12"
216               ','
217                  "ENVPC01"
218               ','
219                  "ENVPC02"
220               ','
221                  "ENVPC03"
222               ','
223                  "ENVPC04"
224               ','
225                  "ENVPC05"
226               ','
227                  "ENVPC06"
228               ','
229                  "RDWYPC01"
6                                         The SAS System            10:00 Tuesday, January 5, 2021

230               ','
231                  "RDWYPC02"
232               ','
233                  "RDWYPC03"
234               ','
235                  "RDWYPC04"
236               ','
237                  "RDWYPC05"
238               ','
239                  "RDWYPC06"
240               ','
241                  "RDWYPC07"
242               ','
243                  "RDWYPC08"
244               ','
245                  "RDWYPC09"
246               ','
247                  "RDWYPC10"
248               ','
249                  "RDWYPC11"
250               ','
251                  "RDWYPC12"
252               ','
253                  "RDWYPC13"
254               ','
255                  "RDWYPC14"
256               ','
257                  "RDWYPC15"
258               ','
259                  "RDWYPC16"
260               ','
261                  "RDWYPC17"
262               ','
263                  "RDWYPC18"
264               ','
265                  "RDWYPC19"
266               ','
267                  "RDWYPC20"
268               ','
269                  "RDWYPC21"
270               ','
271                  "RDWYPC22"
272               ','
273                  "RDWYPC23"
274               ','
275                  "RLTNJNIC"
276               ','
277                  "RLTNJNLC"
278               ','
279                  "INTTYPE"
280               ','
281                  "BUSFLAG"
282               ','
7                                         The SAS System            10:00 Tuesday, January 5, 2021

283                  "ALCFLAG"
284               ','
285                  "DRUGFLAG"
286               ','
287                  "ADDTL01"
288               ','
289                  "ADDTL02"
290               ','
291                  "ADDTL03"
292               ','
293                  "ADDTL04"
294               ','
295                  "ADDTL05"
296               ','
297                  "ADDTL06"
298               ','
299                  "ADDTL07"
300               ','
301                  "ADDTL08"
302               ','
303                  "ADDTL09"
304               ','
305                  "ADDTL10"
306               ','
307                  "ADDTL11"
308               ','
309                  "ADDTL12"
310               ','
311                  "ADDTL13"
312               ','
313                  "ADDTL14"
314               ','
315                  "RECONBY"
316               ','
317                  "SRNMBR"
318               ','
319                  "SPCL01"
320               ','
321                  "SPCL02"
322               ','
323                  "SPCL03"
324               ','
325                  "SPCL04"
326               ','
327                  "MCFLNMBR"
328               ','
329                  "AUTOFLAG"
330               ','
331                  "BIKEFLAG"
332               ','
333                  "CITFLAG"
334               ','
335                  "RSTRFLAG"
8                                         The SAS System            10:00 Tuesday, January 5, 2021

336               ','
337                  "CMVFLAG"
338               ','
339                  "CYCLFLAG"
340               ','
341                  "MATLSPIL"
342               ','
343                  "MOPFLAG"
344               ','
345                  "PEDFLAG"
346               ','
347                  "PHOTFLAG"
348               ','
349                  "TRKFLAG"
350               ','
351                  "WITFLAG"
352               ','
353                  "ONDUTY"
354               ','
355                  "ONEMER"
356               ','
357                  "HITRUN"
358               ','
359                  "GOVTPROP"
360               ','
361                  "TRLRFLAG"
362               ','
363                  "TRLRPNTR"
364               ','
365                  "SCHZONE"
366               ','
367                  "FIREFLAG"
368               ','
369                  "FMCSARPT"
370               ','
371                  "CONSZONE"
372               ','
373                  "WZLOC"
374               ','
375                  "WZTYPE"
376               ','
377                  "WZOTHR"
378               ','
379                  "WZWKRS"
380               ','
381                  "WZENF"
382               ','
383                  "WZSPD"
384               ','
385                  "WZARSP"
386               ','
387                  "WZNLSP"
388               ','
9                                         The SAS System            10:00 Tuesday, January 5, 2021

389                  "SECDFLAG"
390               ','
391                  "SECDPRIM"
392               ','
393                  "SECDAGCY"
394               ','
395                  "ARDATE"
396               ','
397                  "ARTIME"
398               ','
399                  "CLSFLAG"
400               ','
401                  "CLSTYPE"
402               ','
403                  "CLSRSN01"
404               ','
405                  "CLSRSN02"
406               ','
407                  "CLSRSN03"
408               ','
409                  "CLSRSN04"
410               ','
411                  "CLSRSN05"
412               ','
413                  "CLSRSN06"
414               ','
415                  "CLSRSN07"
416               ','
417                  "CLSDATE"
418               ','
419                  "CLSTIME"
420               ','
421                  "OPNDATE"
422               ','
423                  "OPNTIME"
424               ','
425                  "CLRDATE"
426               ','
427                  "CLRTIME"
428               ','
429                  "TOTWIT"
430               ','
431                  "JRSDTN"
432               ','
433                  "AGCYNMBR"
434               ','
435                  "AGCYNAME"
436               ','
437                  "AGCYTYPE"
438               ','
439                  "AGCYCASE"
440               ','
441                  "AGCYCRSH"
10                                        The SAS System            10:00 Tuesday, January 5, 2021

442               ','
443                  "OFFRID"
444               ','
445                  "BADGE"
446               ','
447                  "DNRID"
448               ','
449                  "POPCLASS"
450               ','
451                  "REPSTRDT"
452               ','
453                  "REPSTRTM"
454               ','
455                  "DEERFLAG"
456               ','
457                  "FRSTDTTM"
458               ','
459                  "LASTDTTM"
460               ','
461                  "FRSTMESG"
462               ','
463                  "LASTMESG"
464               ','
465                  "FRSTTSTP"
466               ','
467                  "LASTTSTP"
468               ','
469                  "FARSSVR"
470               ','
471                  "FARSFATL"
472               ','
473                  "FARSINJ"
474               ;
475             end;
476           set  CRASH20.CRASH   end=EFIEOD;
INFO: Data file CRASH20.CRASH.DATA is in a format that is native to another host, or the file 
encoding does not match the session encoding. Cross Environment Data Access will be used, which 
might require additional CPU resources and might reduce performance.
477               format CRSHNMBR z9. ;
478               format RECDNMBR best12. ;
479               format RECDSTAT $f17recdstat15. ;
480               format RECDDTTM datetime16. ;
481               format OPCODE $24. ;
482               format DOCTNMBR $10. ;
483               format CRSHDATE mmddyy10. ;
484               format CRSHTIME z4. ;
485               format LNKNMBR $10. ;
486               format RPTBFLAG $1. ;
487               format AMENDED $1. ;
488               format CRSHLOC f17crshloc16. ;
489               format CRSHJUR f17crshjur25. ;
490               format RLTNTRWY f17rltntrwy28. ;
491               format CRSHMTH f17crshmth9. ;
11                                        The SAS System            10:00 Tuesday, January 5, 2021

492               format NTFYDATE best12. ;
493               format NTFYTIME best12. ;
494               format TOTUNIT best12. ;
495               format TOTVEH best12. ;
496               format TOTMOT best12. ;
497               format TOTNMT best12. ;
498               format TOTINJ best12. ;
499               format TOTFATL best12. ;
500               format FARSFLAG $1. ;
501               format DAYNMBR f17daynmbr9. ;
502               format ANMLTY01 f17anmlty22. ;
503               format ANMLTY02 f17anmlty22. ;
504               format ANMLTY03 f17anmlty22. ;
505               format ANMLTY04 f17anmlty22. ;
506               format ANMLTY05 f17anmlty22. ;
507               format ANMLTY06 f17anmlty22. ;
508               format ANMLTY07 f17anmlty22. ;
509               format CNTYCODE best12. ;
510               format CNTYNAME $50. ;
511               format CNTYFIPS best12. ;
512               format MUNICODE best12. ;
513               format MUNINAME $40. ;
514               format MUNITYPE $f17munitype7. ;
515               format HWYREGN f17hwyregn14. ;
516               format TRBCODE best12. ;
517               format TRBNAME $40. ;
518               format LATDECDG best12. ;
519               format LONDECDG best12. ;
520               format LTLNSRC f17ltlnsrc5. ;
521               format ONHWY $3. ;
522               format ONSTR $50. ;
523               format ONHWYSYS $f17onhwysys14. ;
524               format ONHWYDIR $f17onhwydir10. ;
525               format ONHWYTYP $f17onhwytyp8. ;
526               format INTDIR $f17intdir5. ;
527               format INTDIS best12. ;
528               format ATHWY $3. ;
529               format ATSTR $50. ;
530               format ATHWYSYS $f17athwysys14. ;
531               format ATHWYDIR $f17athwydir10. ;
532               format ATHWYTYP $f17athwytyp8. ;
533               format ATNMBR $10. ;
534               format ATCODE f17atcode14. ;
535               format URBCLASS $2. ;
536               format FUNCLASS f17funclass47. ;
537               format URBRURAL f17urbrural12. ;
538               format HWYCLASS f17hwyclass20. ;
539               format CRSHSVR f17crshsvr15. ;
540               format INJSVR $f17injsvr24. ;
541               format ACSCNTL f17acscntl15. ;
542               format CRSHTYPE f17crshtype76. ;
543               format RLTNRDWY f17rltnrdwy33. ;
544               format MNRCOLL f17mnrcoll28. ;
12                                        The SAS System            10:00 Tuesday, January 5, 2021

545               format WTCOND01 f17wtcond33. ;
546               format WTCOND02 f17wtcond33. ;
547               format WTCOND03 f17wtcond33. ;
548               format WTCOND04 f17wtcond33. ;
549               format WTCOND05 f17wtcond33. ;
550               format WTCOND06 f17wtcond33. ;
551               format WTCOND07 f17wtcond33. ;
552               format WTCOND08 f17wtcond33. ;
553               format WTCOND09 f17wtcond33. ;
554               format WTCOND10 f17wtcond33. ;
555               format WTCOND11 f17wtcond33. ;
556               format WTCOND12 f17wtcond33. ;
557               format WTCOND13 f17wtcond33. ;
558               format LGTCOND f17lgtcond21. ;
559               format RDCOND01 f17rdcond23. ;
560               format RDCOND02 f17rdcond23. ;
561               format RDCOND03 f17rdcond23. ;
562               format RDCOND04 f17rdcond23. ;
563               format RDCOND05 f17rdcond23. ;
564               format RDCOND06 f17rdcond23. ;
565               format RDCOND07 f17rdcond23. ;
566               format RDCOND08 f17rdcond23. ;
567               format RDCOND09 f17rdcond23. ;
568               format RDCOND10 f17rdcond23. ;
569               format RDCOND11 f17rdcond23. ;
570               format RDCOND12 f17rdcond23. ;
571               format ENVPC01 f17envpc21. ;
572               format ENVPC02 f17envpc21. ;
573               format ENVPC03 f17envpc21. ;
574               format ENVPC04 f17envpc21. ;
575               format ENVPC05 f17envpc21. ;
576               format ENVPC06 f17envpc21. ;
577               format RDWYPC01 f17rdwypc56. ;
578               format RDWYPC02 f17rdwypc56. ;
579               format RDWYPC03 f17rdwypc56. ;
580               format RDWYPC04 f17rdwypc56. ;
581               format RDWYPC05 f17rdwypc56. ;
582               format RDWYPC06 f17rdwypc56. ;
583               format RDWYPC07 f17rdwypc56. ;
584               format RDWYPC08 f17rdwypc56. ;
585               format RDWYPC09 f17rdwypc56. ;
586               format RDWYPC10 f17rdwypc56. ;
587               format RDWYPC11 f17rdwypc56. ;
588               format RDWYPC12 f17rdwypc56. ;
589               format RDWYPC13 f17rdwypc56. ;
590               format RDWYPC14 f17rdwypc56. ;
591               format RDWYPC15 f17rdwypc56. ;
592               format RDWYPC16 f17rdwypc56. ;
593               format RDWYPC17 f17rdwypc56. ;
594               format RDWYPC18 f17rdwypc56. ;
595               format RDWYPC19 f17rdwypc56. ;
596               format RDWYPC20 f17rdwypc56. ;
597               format RDWYPC21 f17rdwypc56. ;
13                                        The SAS System            10:00 Tuesday, January 5, 2021

598               format RDWYPC22 f17rdwypc56. ;
599               format RDWYPC23 f17rdwypc56. ;
600               format RLTNJNIC f17common14. ;
601               format RLTNJNLC f17rltnjnlc85. ;
602               format INTTYPE f17inttype21. ;
603               format BUSFLAG f17busflag35. ;
604               format ALCFLAG f17common14. ;
605               format DRUGFLAG f17common14. ;
606               format ADDTL01 f17addtl29. ;
607               format ADDTL02 f17addtl29. ;
608               format ADDTL03 f17addtl29. ;
609               format ADDTL04 f17addtl29. ;
610               format ADDTL05 f17addtl29. ;
611               format ADDTL06 f17addtl29. ;
612               format ADDTL07 f17addtl29. ;
613               format ADDTL08 f17addtl29. ;
614               format ADDTL09 f17addtl29. ;
615               format ADDTL10 f17addtl29. ;
616               format ADDTL11 f17addtl29. ;
617               format ADDTL12 f17addtl29. ;
618               format ADDTL13 f17addtl29. ;
619               format ADDTL14 f17addtl29. ;
620               format RECONBY $50. ;
621               format SRNMBR best12. ;
622               format SPCL01 f17spcl1. ;
623               format SPCL02 f17spcl1. ;
624               format SPCL03 f17spcl1. ;
625               format SPCL04 f17spcl1. ;
626               format MCFLNMBR z14. ;
627               format AUTOFLAG $1. ;
628               format BIKEFLAG $1. ;
629               format CITFLAG $1. ;
630               format RSTRFLAG $1. ;
631               format CMVFLAG $1. ;
632               format CYCLFLAG $1. ;
633               format MATLSPIL $1. ;
634               format MOPFLAG $1. ;
635               format PEDFLAG $1. ;
636               format PHOTFLAG $1. ;
637               format TRKFLAG $1. ;
638               format WITFLAG $1. ;
639               format ONDUTY $f17onduty22. ;
640               format ONEMER $1. ;
641               format HITRUN $1. ;
642               format GOVTPROP $1. ;
643               format TRLRFLAG $1. ;
644               format TRLRPNTR $1. ;
645               format SCHZONE $1. ;
646               format FIREFLAG $1. ;
647               format FMCSARPT $1. ;
648               format CONSZONE $1. ;
649               format WZLOC f17wzloc39. ;
650               format WZTYPE f17wztype27. ;
14                                        The SAS System            10:00 Tuesday, January 5, 2021

651               format WZOTHR $25. ;
652               format WZWKRS f17common14. ;
653               format WZENF f17wzenf36. ;
654               format WZSPD best12. ;
655               format WZARSP f17wzarsp10. ;
656               format WZNLSP best12. ;
657               format SECDFLAG $1. ;
658               format SECDPRIM $10. ;
659               format SECDAGCY $30. ;
660               format ARDATE best12. ;
661               format ARTIME best12. ;
662               format CLSFLAG $1. ;
663               format CLSTYPE f17clsrsn18. ;
664               format CLSRSN01 f17clsrsn18. ;
665               format CLSRSN02 f17clsrsn18. ;
666               format CLSRSN03 f17clsrsn18. ;
667               format CLSRSN04 f17clsrsn18. ;
668               format CLSRSN05 f17clsrsn18. ;
669               format CLSRSN06 f17clsrsn18. ;
670               format CLSRSN07 f17clsrsn18. ;
671               format CLSDATE best12. ;
672               format CLSTIME best12. ;
673               format OPNDATE best12. ;
674               format OPNTIME best12. ;
675               format CLRDATE best12. ;
676               format CLRTIME best12. ;
677               format TOTWIT best12. ;
678               format JRSDTN $80. ;
679               format AGCYNMBR $10. ;
680               format AGCYNAME $30. ;
681               format AGCYTYPE f17agcytype14. ;
682               format AGCYCASE $100. ;
683               format AGCYCRSH $20. ;
684               format OFFRID $5. ;
685               format BADGE $20. ;
686               format DNRID best12. ;
687               format POPCLASS f17popclass13. ;
688               format REPSTRDT best12. ;
689               format REPSTRTM best12. ;
690               format DEERFLAG $1. ;
691               format FRSTDTTM datetime16. ;
692               format LASTDTTM datetime16. ;
693               format FRSTMESG z14. ;
694               format LASTMESG z14. ;
695               format FRSTTSTP datetime16. ;
696               format LASTTSTP datetime16. ;
697               format FARSSVR f17crshsvr15. ;
698               format FARSFATL best12. ;
699               format FARSINJ best12. ;
700             do;
701               EFIOUT + 1;
702               put CRSHNMBR @;
703               put RECDNMBR @;
15                                        The SAS System            10:00 Tuesday, January 5, 2021

704               put RECDSTAT $ @;
705               put RECDDTTM @;
706               put OPCODE $ @;
707               put DOCTNMBR $ @;
708               put CRSHDATE @;
709               put CRSHTIME @;
710               put LNKNMBR $ @;
711               put RPTBFLAG $ @;
712               put AMENDED $ @;
713               put CRSHLOC @;
714               put CRSHJUR @;
715               put RLTNTRWY @;
716               put CRSHMTH @;
717               put NTFYDATE @;
718               put NTFYTIME @;
719               put TOTUNIT @;
720               put TOTVEH @;
721               put TOTMOT @;
722               put TOTNMT @;
723               put TOTINJ @;
724               put TOTFATL @;
725               put FARSFLAG $ @;
726               put DAYNMBR @;
727               put ANMLTY01 @;
728               put ANMLTY02 @;
729               put ANMLTY03 @;
730               put ANMLTY04 @;
731               put ANMLTY05 @;
732               put ANMLTY06 @;
733               put ANMLTY07 @;
734               put CNTYCODE @;
735               put CNTYNAME $ @;
736               put CNTYFIPS @;
737               put MUNICODE @;
738               put MUNINAME $ @;
739               put MUNITYPE $ @;
740               put HWYREGN @;
741               put TRBCODE @;
742               put TRBNAME $ @;
743               put LATDECDG @;
744               put LONDECDG @;
745               put LTLNSRC @;
746               put ONHWY $ @;
747               put ONSTR $ @;
748               put ONHWYSYS $ @;
749               put ONHWYDIR $ @;
750               put ONHWYTYP $ @;
751               put INTDIR $ @;
752               put INTDIS @;
753               put ATHWY $ @;
754               put ATSTR $ @;
755               put ATHWYSYS $ @;
756               put ATHWYDIR $ @;
16                                        The SAS System            10:00 Tuesday, January 5, 2021

757               put ATHWYTYP $ @;
758               put ATNMBR $ @;
759               put ATCODE @;
760               put URBCLASS $ @;
761               put FUNCLASS @;
762               put URBRURAL @;
763               put HWYCLASS @;
764               put CRSHSVR @;
765               put INJSVR $ @;
766               put ACSCNTL @;
767               put CRSHTYPE @;
768               put RLTNRDWY @;
769               put MNRCOLL @;
770               put WTCOND01 @;
771               put WTCOND02 @;
772               put WTCOND03 @;
773               put WTCOND04 @;
774               put WTCOND05 @;
775               put WTCOND06 @;
776               put WTCOND07 @;
777               put WTCOND08 @;
778               put WTCOND09 @;
779               put WTCOND10 @;
780               put WTCOND11 @;
781               put WTCOND12 @;
782               put WTCOND13 @;
783               put LGTCOND @;
784               put RDCOND01 @;
785               put RDCOND02 @;
786               put RDCOND03 @;
787               put RDCOND04 @;
788               put RDCOND05 @;
789               put RDCOND06 @;
790               put RDCOND07 @;
791               put RDCOND08 @;
792               put RDCOND09 @;
793               put RDCOND10 @;
794               put RDCOND11 @;
795               put RDCOND12 @;
796               put ENVPC01 @;
797               put ENVPC02 @;
798               put ENVPC03 @;
799               put ENVPC04 @;
800               put ENVPC05 @;
801               put ENVPC06 @;
802               put RDWYPC01 @;
803               put RDWYPC02 @;
804               put RDWYPC03 @;
805               put RDWYPC04 @;
806               put RDWYPC05 @;
807               put RDWYPC06 @;
808               put RDWYPC07 @;
809               put RDWYPC08 @;
17                                        The SAS System            10:00 Tuesday, January 5, 2021

810               put RDWYPC09 @;
811               put RDWYPC10 @;
812               put RDWYPC11 @;
813               put RDWYPC12 @;
814               put RDWYPC13 @;
815               put RDWYPC14 @;
816               put RDWYPC15 @;
817               put RDWYPC16 @;
818               put RDWYPC17 @;
819               put RDWYPC18 @;
820               put RDWYPC19 @;
821               put RDWYPC20 @;
822               put RDWYPC21 @;
823               put RDWYPC22 @;
824               put RDWYPC23 @;
825               put RLTNJNIC @;
826               put RLTNJNLC @;
827               put INTTYPE @;
828               put BUSFLAG @;
829               put ALCFLAG @;
830               put DRUGFLAG @;
831               put ADDTL01 @;
832               put ADDTL02 @;
833               put ADDTL03 @;
834               put ADDTL04 @;
835               put ADDTL05 @;
836               put ADDTL06 @;
837               put ADDTL07 @;
838               put ADDTL08 @;
839               put ADDTL09 @;
840               put ADDTL10 @;
841               put ADDTL11 @;
842               put ADDTL12 @;
843               put ADDTL13 @;
844               put ADDTL14 @;
845               put RECONBY $ @;
846               put SRNMBR @;
847               put SPCL01 @;
848               put SPCL02 @;
849               put SPCL03 @;
850               put SPCL04 @;
851               put MCFLNMBR @;
852               put AUTOFLAG $ @;
853               put BIKEFLAG $ @;
854               put CITFLAG $ @;
855               put RSTRFLAG $ @;
856               put CMVFLAG $ @;
857               put CYCLFLAG $ @;
858               put MATLSPIL $ @;
859               put MOPFLAG $ @;
860               put PEDFLAG $ @;
861               put PHOTFLAG $ @;
862               put TRKFLAG $ @;
18                                        The SAS System            10:00 Tuesday, January 5, 2021

863               put WITFLAG $ @;
864               put ONDUTY $ @;
865               put ONEMER $ @;
866               put HITRUN $ @;
867               put GOVTPROP $ @;
868               put TRLRFLAG $ @;
869               put TRLRPNTR $ @;
870               put SCHZONE $ @;
871               put FIREFLAG $ @;
872               put FMCSARPT $ @;
873               put CONSZONE $ @;
874               put WZLOC @;
875               put WZTYPE @;
876               put WZOTHR $ @;
877               put WZWKRS @;
878               put WZENF @;
879               put WZSPD @;
880               put WZARSP @;
881               put WZNLSP @;
882               put SECDFLAG $ @;
883               put SECDPRIM $ @;
884               put SECDAGCY $ @;
885               put ARDATE @;
886               put ARTIME @;
887               put CLSFLAG $ @;
888               put CLSTYPE @;
889               put CLSRSN01 @;
890               put CLSRSN02 @;
891               put CLSRSN03 @;
892               put CLSRSN04 @;
893               put CLSRSN05 @;
894               put CLSRSN06 @;
895               put CLSRSN07 @;
896               put CLSDATE @;
897               put CLSTIME @;
898               put OPNDATE @;
899               put OPNTIME @;
900               put CLRDATE @;
901               put CLRTIME @;
902               put TOTWIT @;
903               put JRSDTN $ @;
904               put AGCYNMBR $ @;
905               put AGCYNAME $ @;
906               put AGCYTYPE @;
907               put AGCYCASE $ @;
908               put AGCYCRSH $ @;
909               put OFFRID $ @;
910               put BADGE $ @;
911               put DNRID @;
912               put POPCLASS @;
913               put REPSTRDT @;
914               put REPSTRTM @;
915               put DEERFLAG $ @;
19                                        The SAS System            10:00 Tuesday, January 5, 2021

916               put FRSTDTTM @;
917               put LASTDTTM @;
918               put FRSTMESG @;
919               put LASTMESG @;
920               put FRSTTSTP @;
921               put LASTTSTP @;
922               put FARSSVR @;
923               put FARSFATL @;
924               put FARSINJ ;
925               ;
926             end;
927            if _ERROR_ then call symputx('_EFIERR_',1);  /* set ERROR detection macro variable
927      ! */
928            if EFIEOD then call symputx('_EFIREC_',EFIOUT);
929            run;

NOTE: The file 'C:\Users\dotjaz\20crash.csv' is:
      Filename=C:\Users\dotjaz\20crash.csv,
      RECFM=V,LRECL=32767,File Size (bytes)=0,
      Last Modified=05Jan2021:10:01:08,
      Create Time=05Jan2021:10:01:08

NOTE: 112338 records were written to the file 'C:\Users\dotjaz\20crash.csv'.
      The minimum record length was 824.
      The maximum record length was 1866.
NOTE: There were 112337 observations read from the data set CRASH20.CRASH.
NOTE: DATA statement used (Total process time):
      real time           46.10 seconds
      cpu time            6.04 seconds
      

112337 records created in C:\Users\dotjaz\20crash.csv from CRASH20.CRASH.
  
  
NOTE: "C:\Users\dotjaz\20crash.csv" file was successfully created.
NOTE: PROCEDURE EXPORT used (Total process time):
      real time           47.28 seconds
      cpu time            6.17 seconds
      